<?xml version="1.0" encoding="UTF-8"?>
<testsuites name="jest tests" tests="1" failures="0" errors="0" time="2.619">
  <testsuite name="jupyterlab-copy-to-recent" errors="0" failures="0" skipped="0" timestamp="2024-07-07T01:59:55" time="1.956" tests="1">
    <testcase classname="jupyterlab-copy-to-recent should be tested" name="jupyterlab-copy-to-recent should be tested" time="0.003">
    </testcase>
  </testsuite>
</testsuites>